{"C:\\Users\\centa\\OneDrive\\Documentos\\projects\\talker-manager\\src\\services\\create-talker.service.ts": {"path":"C:\\Users\\centa\\OneDrive\\Documentos\\projects\\talker-manager\\src\\services\\create-talker.service.ts","all":false,"statementMap":{"0":{"start":{"line":1,"column":0},"end":{"line":1,"column":73}},"1":{"start":{"line":2,"column":0},"end":{"line":2,"column":38}},"2":{"start":{"line":3,"column":0},"end":{"line":3,"column":15}},"3":{"start":{"line":4,"column":0},"end":{"line":4,"column":16}},"4":{"start":{"line":5,"column":0},"end":{"line":5,"column":19}},"5":{"start":{"line":6,"column":0},"end":{"line":6,"column":14}},"6":{"start":{"line":7,"column":0},"end":{"line":7,"column":15}},"7":{"start":{"line":8,"column":0},"end":{"line":8,"column":1}},"8":{"start":{"line":9,"column":0},"end":{"line":9,"column":0}},"9":{"start":{"line":10,"column":0},"end":{"line":10,"column":34}},"10":{"start":{"line":11,"column":0},"end":{"line":11,"column":62}},"11":{"start":{"line":12,"column":0},"end":{"line":12,"column":0}},"12":{"start":{"line":13,"column":0},"end":{"line":13,"column":54}},"13":{"start":{"line":14,"column":0},"end":{"line":14,"column":57}},"14":{"start":{"line":15,"column":0},"end":{"line":15,"column":16}},"15":{"start":{"line":16,"column":0},"end":{"line":16,"column":43}},"16":{"start":{"line":17,"column":0},"end":{"line":17,"column":5}},"17":{"start":{"line":18,"column":0},"end":{"line":18,"column":41}},"18":{"start":{"line":19,"column":0},"end":{"line":19,"column":11}},"19":{"start":{"line":20,"column":0},"end":{"line":20,"column":12}},"20":{"start":{"line":21,"column":0},"end":{"line":21,"column":15}},"21":{"start":{"line":22,"column":0},"end":{"line":22,"column":10}},"22":{"start":{"line":23,"column":0},"end":{"line":23,"column":11}},"23":{"start":{"line":24,"column":0},"end":{"line":24,"column":7}},"24":{"start":{"line":25,"column":0},"end":{"line":25,"column":3}},"25":{"start":{"line":26,"column":0},"end":{"line":26,"column":1}}},"s":{"0":1,"1":1,"2":1,"3":1,"4":1,"5":1,"6":1,"7":1,"8":1,"9":1,"10":1,"11":1,"12":1,"13":2,"14":2,"15":1,"16":1,"17":1,"18":1,"19":1,"20":1,"21":1,"22":1,"23":1,"24":1,"25":1},"branchMap":{"0":{"type":"branch","line":10,"loc":{"start":{"line":10,"column":13},"end":{"line":10,"column":34}},"locations":[{"start":{"line":10,"column":13},"end":{"line":10,"column":34}}]},"1":{"type":"branch","line":13,"loc":{"start":{"line":13,"column":2},"end":{"line":25,"column":3}},"locations":[{"start":{"line":13,"column":2},"end":{"line":25,"column":3}}]},"2":{"type":"branch","line":15,"loc":{"start":{"line":15,"column":15},"end":{"line":25,"column":3}},"locations":[{"start":{"line":15,"column":15},"end":{"line":25,"column":3}}]},"3":{"type":"branch","line":11,"loc":{"start":{"line":11,"column":2},"end":{"line":11,"column":62}},"locations":[{"start":{"line":11,"column":2},"end":{"line":11,"column":62}}]}},"b":{"0":[1],"1":[2],"2":[1],"3":[1]},"fnMap":{"0":{"name":"get","decl":{"start":{"line":10,"column":13},"end":{"line":10,"column":34}},"loc":{"start":{"line":10,"column":13},"end":{"line":10,"column":34}},"line":10},"1":{"name":"execute","decl":{"start":{"line":13,"column":2},"end":{"line":25,"column":3}},"loc":{"start":{"line":13,"column":2},"end":{"line":25,"column":3}},"line":13},"2":{"name":"CreateTalkerService","decl":{"start":{"line":11,"column":2},"end":{"line":11,"column":62}},"loc":{"start":{"line":11,"column":2},"end":{"line":11,"column":62}},"line":11}},"f":{"0":1,"1":2,"2":1}}
}
