TN:
SF:src\app.ts
FN:4,get
FN:11,config
FN:16,start
FN:6,App
FNF:4
FNH:3
FNDA:1,get
FNDA:1,config
FNDA:0,start
FNDA:1,App
DA:1,1
DA:2,1
DA:3,1
DA:4,1
DA:5,1
DA:6,1
DA:7,1
DA:8,1
DA:9,1
DA:10,1
DA:11,1
DA:12,1
DA:13,1
DA:14,1
DA:15,1
DA:16,1
DA:17,0
DA:18,0
DA:19,0
DA:20,1
LF:20
LH:17
BRDA:4,0,0,1
BRDA:11,1,0,1
BRDA:6,2,0,1
BRF:3
BRH:3
end_of_record
TN:
SF:src\prisma.ts
FN:3,get
FNF:1
FNH:1
FNDA:7,get
DA:1,1
DA:2,1
DA:3,1
DA:4,1
DA:5,1
LF:5
LH:5
BRDA:3,0,0,7
BRF:1
BRH:1
end_of_record
TN:
SF:src\app\auth\jwt.ts
FN:8,get
FN:9,Object.<anonymous>.Token.generateToken
FN:19,Object.<anonymous>.Token.authToken
FN:39,Object.<anonymous>.Token.decodeToken
FNF:4
FNH:2
FNDA:3,get
FNDA:1,Object.<anonymous>.Token.generateToken
FNDA:0,Object.<anonymous>.Token.authToken
FNDA:0,Object.<anonymous>.Token.decodeToken
DA:1,1
DA:2,1
DA:3,1
DA:4,1
DA:5,1
DA:6,1
DA:7,1
DA:8,1
DA:9,1
DA:10,1
DA:11,1
DA:12,1
DA:13,1
DA:14,1
DA:15,1
DA:16,1
DA:17,1
DA:18,1
DA:19,1
DA:20,0
DA:21,0
DA:22,0
DA:23,0
DA:24,0
DA:25,0
DA:26,0
DA:27,0
DA:28,0
DA:29,0
DA:30,0
DA:31,0
DA:32,0
DA:33,0
DA:34,0
DA:35,0
DA:36,0
DA:37,0
DA:38,1
DA:39,1
DA:40,0
DA:41,0
DA:42,0
DA:43,0
DA:44,0
DA:45,1
LF:45
LH:22
BRDA:8,0,0,3
BRDA:9,1,0,1
BRF:2
BRH:2
end_of_record
TN:
SF:src\app\domains\talkers.ts
FN:3,get
FN:22,getName
FN:26,setName
FN:33,getEmail
FN:37,setEmail
FN:41,getPassword
FN:45,setPassword
FN:49,getUserId
FN:53,getAge
FN:57,setAge
FN:61,getRate
FN:12,TalkerDomain
FNF:12
FNH:0
FNDA:0,get
FNDA:0,getName
FNDA:0,setName
FNDA:0,getEmail
FNDA:0,setEmail
FNDA:0,getPassword
FNDA:0,setPassword
FNDA:0,getUserId
FNDA:0,getAge
FNDA:0,setAge
FNDA:0,getRate
FNDA:0,TalkerDomain
DA:1,1
DA:2,1
DA:3,1
DA:4,1
DA:5,1
DA:6,1
DA:7,1
DA:8,1
DA:9,1
DA:10,1
DA:11,1
DA:12,1
DA:13,0
DA:14,0
DA:15,0
DA:16,0
DA:17,0
DA:18,0
DA:19,0
DA:20,0
DA:21,1
DA:22,1
DA:23,0
DA:24,0
DA:25,1
DA:26,1
DA:27,0
DA:28,0
DA:29,0
DA:30,0
DA:31,0
DA:32,1
DA:33,1
DA:34,0
DA:35,0
DA:36,1
DA:37,1
DA:38,0
DA:39,0
DA:40,1
DA:41,1
DA:42,0
DA:43,0
DA:44,1
DA:45,1
DA:46,0
DA:47,0
DA:48,1
DA:49,1
DA:50,0
DA:51,0
DA:52,1
DA:53,1
DA:54,0
DA:55,0
DA:56,1
DA:57,1
DA:58,0
DA:59,0
DA:60,1
DA:61,1
DA:62,0
DA:63,0
DA:64,1
DA:65,1
LF:65
LH:34
BRF:0
BRH:0
end_of_record
TN:
SF:src\app\error\customError.ts
FN:1,get
FN:3,CustomError
FNF:2
FNH:0
FNDA:0,get
FNDA:0,CustomError
DA:1,1
DA:2,1
DA:3,1
DA:4,0
DA:5,0
DA:6,0
DA:7,1
LF:7
LH:4
BRF:0
BRH:0
end_of_record
TN:
SF:src\app\repositories\prisma\talker-prisma\talkers-repository.ts
FN:7,get
FN:8,create
FN:28,findMany
FN:32,findTalkerById
FN:37,deleteTalkerById
FN:41,updateTalkerById
FNF:6
FNH:1
FNDA:1,get
FNDA:0,create
FNDA:0,findMany
FNDA:0,findTalkerById
FNDA:0,deleteTalkerById
FNDA:0,updateTalkerById
DA:1,1
DA:2,1
DA:3,1
DA:4,1
DA:5,1
DA:6,1
DA:7,1
DA:8,1
DA:9,0
DA:10,0
DA:11,0
DA:12,0
DA:13,0
DA:14,0
DA:15,0
DA:16,0
DA:17,0
DA:18,0
DA:19,0
DA:20,0
DA:21,0
DA:22,0
DA:23,0
DA:24,0
DA:25,0
DA:26,0
DA:27,0
DA:28,1
DA:29,0
DA:30,0
DA:31,0
DA:32,1
DA:33,0
DA:34,0
DA:35,0
DA:36,1
DA:37,1
DA:38,0
DA:39,0
DA:40,1
DA:41,1
DA:42,0
DA:43,0
DA:44,0
DA:45,0
DA:46,0
DA:47,0
DA:48,0
DA:49,0
DA:50,0
DA:51,0
DA:52,0
DA:53,0
DA:54,0
DA:55,0
DA:56,0
DA:57,0
DA:58,0
DA:59,0
DA:60,0
DA:61,0
DA:62,0
DA:63,1
LF:63
LH:15
BRDA:7,0,0,1
BRF:1
BRH:1
end_of_record
TN:
SF:src\app\repositories\prisma\user-prisma\create-user-repository.ts
FN:10,get
FN:11,create
FNF:2
FNH:1
FNDA:1,get
FNDA:0,create
DA:1,1
DA:2,1
DA:3,1
DA:4,1
DA:5,1
DA:6,1
DA:7,1
DA:8,1
DA:9,1
DA:10,1
DA:11,1
DA:12,0
DA:13,0
DA:14,0
DA:15,0
DA:16,0
DA:17,0
DA:18,0
DA:19,0
DA:20,0
DA:21,1
LF:21
LH:12
BRDA:10,0,0,1
BRF:1
BRH:1
end_of_record
TN:
SF:src\app\repositories\prisma\user-prisma\login-user-repository.ts
FN:5,get
FN:6,login
FNF:2
FNH:2
FNDA:1,get
FNDA:2,login
DA:1,1
DA:2,1
DA:3,1
DA:4,1
DA:5,1
DA:6,1
DA:7,2
DA:8,2
DA:9,2
DA:10,2
DA:11,2
DA:12,2
DA:13,2
DA:14,2
DA:15,2
DA:16,2
DA:17,2
DA:18,1
LF:18
LH:18
BRDA:5,0,0,1
BRDA:6,1,0,2
BRF:2
BRH:2
end_of_record
TN:
SF:src\app\services\talker-services\talker.service.ts
FN:15,get
FN:18,createTalkerDomain
FN:24,create
FN:37,findManyTalkers
FN:42,findTalkerById
FN:47,deleteTalkerById
FN:51,updateTalkerById
FN:16,TalkerService
FNF:8
FNH:7
FNDA:2,get
FNDA:2,createTalkerDomain
FNDA:1,create
FNDA:0,findManyTalkers
FNDA:1,findTalkerById
FNDA:1,deleteTalkerById
FNDA:1,updateTalkerById
FNDA:2,TalkerService
DA:1,1
DA:2,1
DA:3,1
DA:4,1
DA:5,1
DA:6,1
DA:7,1
DA:8,1
DA:9,1
DA:10,1
DA:11,1
DA:12,1
DA:13,1
DA:14,1
DA:15,1
DA:16,1
DA:17,1
DA:18,1
DA:19,2
DA:20,0
DA:21,0
DA:22,2
DA:23,2
DA:24,1
DA:25,1
DA:26,1
DA:27,1
DA:28,1
DA:29,1
DA:30,1
DA:31,1
DA:32,1
DA:33,1
DA:34,1
DA:35,1
DA:36,1
DA:37,1
DA:38,0
DA:39,0
DA:40,0
DA:41,1
DA:42,1
DA:43,1
DA:44,1
DA:45,1
DA:46,1
DA:47,1
DA:48,1
DA:49,1
DA:50,1
DA:51,1
DA:52,1
DA:53,1
DA:54,1
DA:55,1
LF:55
LH:50
BRDA:15,0,0,2
BRDA:18,1,0,2
BRDA:19,2,0,0
BRDA:24,3,0,1
BRDA:42,4,0,1
BRDA:47,5,0,1
BRDA:51,6,0,1
BRDA:16,7,0,2
BRF:8
BRH:7
end_of_record
TN:
SF:src\app\services\user-services\create-user.service.ts
FN:10,get
FN:14,execute
FN:11,CreateUserService
FNF:3
FNH:2
FNDA:1,get
FNDA:0,execute
FNDA:1,CreateUserService
DA:1,1
DA:2,1
DA:3,1
DA:4,1
DA:5,1
DA:6,1
DA:7,1
DA:8,1
DA:9,1
DA:10,1
DA:11,1
DA:12,1
DA:13,1
DA:14,1
DA:15,0
DA:16,0
DA:17,0
DA:18,0
DA:19,0
DA:20,0
DA:21,0
DA:22,1
LF:22
LH:15
BRDA:10,0,0,1
BRDA:11,1,0,1
BRF:2
BRH:2
end_of_record
TN:
SF:src\app\services\user-services\login-user.service.ts
FN:5,get
FN:6,LoginService
FN:8,LoginService.login
FNF:3
FNH:3
FNDA:2,get
FNDA:2,LoginService
FNDA:2,LoginService.login
DA:1,1
DA:2,1
DA:3,1
DA:4,1
DA:5,1
DA:6,1
DA:7,1
DA:8,1
DA:9,2
DA:10,2
DA:11,2
DA:12,2
DA:13,2
DA:14,2
DA:15,2
DA:16,2
DA:17,2
DA:18,2
DA:19,1
LF:19
LH:19
BRDA:5,0,0,2
BRDA:6,1,0,2
BRDA:8,2,0,2
BRDA:12,3,0,0
BRDA:13,4,0,0
BRDA:14,5,0,0
BRF:6
BRH:3
end_of_record
TN:
SF:src\infra\controllers\talker-controllers\talker.controller.ts
FN:7,get
FN:10,TalkerController
FN:14,TalkerController.createTalker
FN:31,TalkerController.getTalks
FN:36,TalkerController.findTakerById
FN:43,TalkerController.deleteTalkerById
FN:49,TalkerController.updateTalkerById
FNF:7
FNH:2
FNDA:1,get
FNDA:1,TalkerController
FNDA:0,TalkerController.createTalker
FNDA:0,TalkerController.getTalks
FNDA:0,TalkerController.findTakerById
FNDA:0,TalkerController.deleteTalkerById
FNDA:0,TalkerController.updateTalkerById
DA:1,1
DA:2,1
DA:3,1
DA:4,1
DA:5,1
DA:6,1
DA:7,1
DA:8,1
DA:9,1
DA:10,1
DA:11,1
DA:12,1
DA:13,1
DA:14,1
DA:15,0
DA:16,0
DA:17,0
DA:18,0
DA:19,0
DA:20,0
DA:21,0
DA:22,0
DA:23,0
DA:24,0
DA:25,0
DA:26,0
DA:27,0
DA:28,0
DA:29,0
DA:30,0
DA:31,1
DA:32,0
DA:33,0
DA:34,0
DA:35,1
DA:36,1
DA:37,0
DA:38,0
DA:39,0
DA:40,0
DA:41,0
DA:42,1
DA:43,1
DA:44,0
DA:45,0
DA:46,0
DA:47,0
DA:48,1
DA:49,1
DA:50,0
DA:51,0
DA:52,0
DA:53,0
DA:54,0
DA:55,0
DA:56,0
DA:57,0
DA:58,0
DA:59,0
DA:60,0
DA:61,0
DA:62,0
DA:63,0
DA:64,0
DA:65,1
LF:65
LH:22
BRDA:7,0,0,1
BRDA:10,1,0,1
BRF:2
BRH:2
end_of_record
TN:
SF:src\infra\controllers\user-controllers\create-user.controller.ts
FN:5,get
FN:8,CreateUserController
FN:14,CreateUserController.createUser
FNF:3
FNH:2
FNDA:1,get
FNDA:1,CreateUserController
FNDA:0,CreateUserController.createUser
DA:1,1
DA:2,1
DA:3,1
DA:4,1
DA:5,1
DA:6,1
DA:7,1
DA:8,1
DA:9,1
DA:10,1
DA:11,1
DA:12,1
DA:13,1
DA:14,1
DA:15,0
DA:16,0
DA:17,0
DA:18,0
DA:19,0
DA:20,0
DA:21,0
DA:22,0
DA:23,0
DA:24,0
DA:25,1
LF:25
LH:15
BRDA:5,0,0,1
BRDA:8,1,0,1
BRF:2
BRH:2
end_of_record
TN:
SF:src\infra\controllers\user-controllers\login-user.controller.ts
FN:5,get
FN:8,LoginUserController
FN:14,LoginUserController.login
FNF:3
FNH:3
FNDA:1,get
FNDA:1,LoginUserController
FNDA:2,LoginUserController.login
DA:1,1
DA:2,1
DA:3,1
DA:4,1
DA:5,1
DA:6,1
DA:7,1
DA:8,1
DA:9,1
DA:10,1
DA:11,1
DA:12,1
DA:13,1
DA:14,1
DA:15,2
DA:16,2
DA:17,2
DA:18,2
DA:19,2
DA:20,1
LF:20
LH:20
BRDA:5,0,0,1
BRDA:8,1,0,1
BRDA:14,2,0,2
BRF:3
BRH:3
end_of_record
TN:
SF:src\infra\middleware\login-validate.ts
FN:3,get
FN:4,LoginValidate.loginValidateInputs
FNF:2
FNH:2
FNDA:1,get
FNDA:6,LoginValidate.loginValidateInputs
DA:1,1
DA:2,1
DA:3,1
DA:4,1
DA:5,6
DA:6,6
DA:7,6
DA:8,6
DA:9,6
DA:10,6
DA:11,6
DA:12,1
DA:13,1
DA:14,5
DA:15,6
DA:16,1
DA:17,1
DA:18,4
DA:19,4
DA:20,4
DA:21,4
DA:22,6
DA:23,6
DA:24,6
DA:25,6
DA:26,2
DA:27,2
DA:28,2
DA:29,2
DA:30,2
DA:31,1
LF:31
LH:31
BRDA:3,0,0,1
BRDA:4,1,0,6
BRDA:11,2,0,1
BRDA:14,3,0,5
BRDA:15,4,0,1
BRDA:18,5,0,4
BRDA:22,6,0,0
BRDA:22,7,0,4
BRDA:23,8,0,4
BRDA:23,9,0,0
BRDA:23,10,0,4
BRDA:25,11,0,2
BRDA:25,12,0,2
BRDA:22,13,0,3
BRDA:23,14,0,3
BRF:15
BRH:13
end_of_record
TN:
SF:src\infra\middleware\talker-validate.ts
FN:3,get
FN:4,TalkerValidate.talkerValidateInputs
FNF:2
FNH:1
FNDA:1,get
FNDA:0,TalkerValidate.talkerValidateInputs
DA:1,1
DA:2,1
DA:3,1
DA:4,1
DA:5,0
DA:6,0
DA:7,0
DA:8,0
DA:9,0
DA:10,0
DA:11,0
DA:12,0
DA:13,0
DA:14,0
DA:15,0
DA:16,0
DA:17,0
DA:18,0
DA:19,0
DA:20,0
DA:21,0
DA:22,0
DA:23,0
DA:24,0
DA:25,0
DA:26,0
DA:27,0
DA:28,0
DA:29,0
DA:30,0
DA:31,0
DA:32,0
DA:33,0
DA:34,0
DA:35,0
DA:36,0
DA:37,0
DA:38,0
DA:39,0
DA:40,0
DA:41,0
DA:42,0
DA:43,0
DA:44,0
DA:45,0
DA:46,1
LF:46
LH:5
BRDA:3,0,0,1
BRF:1
BRH:1
end_of_record
TN:
SF:src\infra\routes\routes.ts
FN:5,get
FNF:1
FNH:1
FNDA:1,get
DA:1,1
DA:2,1
DA:3,1
DA:4,1
DA:5,1
DA:6,1
DA:7,1
DA:8,1
LF:8
LH:8
BRDA:5,0,0,1
BRF:1
BRH:1
end_of_record
TN:
SF:src\infra\routes\talker.routes.ts
FN:5,get
FNF:1
FNH:1
FNDA:1,get
DA:1,1
DA:2,1
DA:3,1
DA:4,1
DA:5,1
DA:6,1
DA:7,1
DA:8,1
DA:9,1
DA:10,1
DA:11,1
DA:12,1
DA:13,1
DA:14,1
DA:15,1
LF:15
LH:15
BRDA:5,0,0,1
BRF:1
BRH:1
end_of_record
TN:
SF:src\infra\routes\user.routes.ts
FN:6,get
FNF:1
FNH:1
FNDA:1,get
DA:1,1
DA:2,1
DA:3,1
DA:4,1
DA:5,1
DA:6,1
DA:7,1
DA:8,1
DA:9,1
DA:10,1
DA:11,1
DA:12,1
DA:13,1
LF:13
LH:13
BRDA:6,0,0,1
BRF:1
BRH:1
end_of_record
