TN:
SF:src\app\domains\talkers.ts
FN:3,get
FN:22,getName
FN:26,setName
FN:30,getEmail
FN:34,setEmail
FN:38,getPassword
FN:42,setPassword
FN:46,getUserId
FN:50,getAge
FN:54,setAge
FN:58,getRate
FN:12,TalkerDomain
FNF:12
FNH:0
FNDA:0,get
FNDA:0,getName
FNDA:0,setName
FNDA:0,getEmail
FNDA:0,setEmail
FNDA:0,getPassword
FNDA:0,setPassword
FNDA:0,getUserId
FNDA:0,getAge
FNDA:0,setAge
FNDA:0,getRate
FNDA:0,TalkerDomain
DA:1,1
DA:2,1
DA:3,1
DA:4,1
DA:5,1
DA:6,1
DA:7,1
DA:8,1
DA:9,1
DA:10,1
DA:11,1
DA:12,1
DA:13,0
DA:14,0
DA:15,0
DA:16,0
DA:17,0
DA:18,0
DA:19,0
DA:20,0
DA:21,1
DA:22,1
DA:23,0
DA:24,0
DA:25,1
DA:26,1
DA:27,0
DA:28,0
DA:29,1
DA:30,1
DA:31,0
DA:32,0
DA:33,1
DA:34,1
DA:35,0
DA:36,0
DA:37,1
DA:38,1
DA:39,0
DA:40,0
DA:41,1
DA:42,1
DA:43,0
DA:44,0
DA:45,1
DA:46,1
DA:47,0
DA:48,0
DA:49,1
DA:50,1
DA:51,0
DA:52,0
DA:53,1
DA:54,1
DA:55,0
DA:56,0
DA:57,1
DA:58,1
DA:59,0
DA:60,0
DA:61,1
DA:62,1
LF:62
LH:34
BRF:0
BRH:0
end_of_record
TN:
SF:src\app\services\talker-services\talker.service.ts
FN:15,get
FN:18,createTalkerDomain
FN:25,create
FN:41,findTalkerById
FN:16,CreateTalkerService
FNF:5
FNH:4
FNDA:1,get
FNDA:1,createTalkerDomain
FNDA:2,create
FNDA:0,findTalkerById
FNDA:1,CreateTalkerService
DA:1,1
DA:2,1
DA:3,1
DA:4,1
DA:5,1
DA:6,1
DA:7,1
DA:8,1
DA:9,1
DA:10,1
DA:11,1
DA:12,1
DA:13,1
DA:14,1
DA:15,1
DA:16,1
DA:17,1
DA:18,1
DA:19,1
DA:20,0
DA:21,0
DA:22,1
DA:23,1
DA:24,1
DA:25,1
DA:26,2
DA:27,2
DA:28,1
DA:29,1
DA:30,1
DA:31,1
DA:32,1
DA:33,1
DA:34,1
DA:35,1
DA:36,1
DA:37,1
DA:38,1
DA:39,1
DA:40,1
DA:41,1
DA:42,0
DA:43,0
DA:44,0
DA:45,1
LF:45
LH:40
BRDA:15,0,0,1
BRDA:18,1,0,1
BRDA:19,2,0,0
BRDA:25,3,0,2
BRDA:27,4,0,1
BRDA:16,5,0,1
BRF:6
BRH:5
end_of_record
